app/manifest-merger-release-report.txt
-- Merging decision tree log ---
manifest
ADDED from AndroidManifest.xml:2:1
	package
		ADDED from AndroidManifest.xml:3:5
		INJECTED from AndroidManifest.xml:0:0
		INJECTED from AndroidManifest.xml:0:0
	android:versionName
		INJECTED from AndroidManifest.xml:0:0
		INJECTED from AndroidManifest.xml:0:0
	xmlns:android
		ADDED from AndroidManifest.xml:2:11
	android:versionCode
		INJECTED from AndroidManifest.xml:0:0
		INJECTED from AndroidManifest.xml:0:0
uses-permission#android.permission.INTERNET
ADDED from AndroidManifest.xml:6:5
	android:name
		ADDED from AndroidManifest.xml:6:22
uses-permission#android.permission.WRITE_EXTERNAL_STORAGE
ADDED from AndroidManifest.xml:7:5
	android:name
		ADDED from AndroidManifest.xml:7:22
application
ADDED from AndroidManifest.xml:9:5
MERGED from com.android.support:appcompat-v7:22.0.0:22:5
MERGED from com.android.support:support-v4:22.0.0:22:5
	android:label
		ADDED from AndroidManifest.xml:12:9
	android:allowBackup
		ADDED from AndroidManifest.xml:10:9
	android:icon
		ADDED from AndroidManifest.xml:11:9
	android:theme
		ADDED from AndroidManifest.xml:13:9
activity#com.rainbowcl.leger.mobileparifoot.app.LeagueActivity
ADDED from AndroidManifest.xml:14:9
	android:label
		ADDED from AndroidManifest.xml:16:13
	android:name
		ADDED from AndroidManifest.xml:15:13
intent-filter#android.intent.action.MAIN+android.intent.category.LAUNCHER
ADDED from AndroidManifest.xml:17:13
action#android.intent.action.MAIN
ADDED from AndroidManifest.xml:18:17
	android:name
		ADDED from AndroidManifest.xml:18:25
category#android.intent.category.LAUNCHER
ADDED from AndroidManifest.xml:20:17
	android:name
		ADDED from AndroidManifest.xml:20:27
activity#com.rainbowcl.leger.mobileparifoot.app.TeamsActivity
ADDED from AndroidManifest.xml:23:9
	android:label
		ADDED from AndroidManifest.xml:25:13
	android:parentActivityName
		ADDED from AndroidManifest.xml:26:13
	android:name
		ADDED from AndroidManifest.xml:24:13
meta-data#android.support.PARENT_ACTIVITY
ADDED from AndroidManifest.xml:27:13
	android:value
		ADDED from AndroidManifest.xml:29:17
	android:name
		ADDED from AndroidManifest.xml:28:17
activity#com.rainbowcl.leger.mobileparifoot.app.SettingsActivity
ADDED from AndroidManifest.xml:31:9
	android:label
		ADDED from AndroidManifest.xml:33:13
	android:parentActivityName
		ADDED from AndroidManifest.xml:34:13
	android:name
		ADDED from AndroidManifest.xml:32:13
activity#com.rainbowcl.leger.mobileparifoot.app.LeagueTabBarActivity
ADDED from AndroidManifest.xml:39:9
	android:label
		ADDED from AndroidManifest.xml:41:13
	android:parentActivityName
		ADDED from AndroidManifest.xml:42:13
	android:name
		ADDED from AndroidManifest.xml:40:13
provider#com.rainbowcl.leger.mobileparifoot.app.data.PariFootProvider
ADDED from AndroidManifest.xml:47:9
	android:authorities
		ADDED from AndroidManifest.xml:48:17
	android:name
		ADDED from AndroidManifest.xml:49:17
uses-sdk
INJECTED from AndroidManifest.xml:0:0 reason: use-sdk injection requested
MERGED from com.android.support:appcompat-v7:22.0.0:20:5
MERGED from com.android.support:support-v4:22.0.0:20:5
	android:targetSdkVersion
		INJECTED from AndroidManifest.xml:0:0
		INJECTED from AndroidManifest.xml:0:0
	android:minSdkVersion
		INJECTED from AndroidManifest.xml:0:0
		INJECTED from AndroidManifest.xml:0:0